\BOOKMARK [0][-]{chapter.1}{\376\377\0001\000\040\000L\000i\000s\000t\000a\000\040\000d\000e\000i\000\040\000t\000e\000s\000t}{}% 1
\BOOKMARK [0][-]{chapter.2}{\376\377\0002\000\040\000D\000e\000s\000i\000g\000n\000\040\000U\000n\000i\000t\000\040\000I\000n\000d\000e\000x}{}% 2
\BOOKMARK [1][-]{section.2.1}{\376\377\0002\000.\0001\000\040\000D\000e\000s\000i\000g\000n\000\040\000U\000n\000i\000t\000\040\000H\000i\000e\000r\000a\000r\000c\000h\000y}{chapter.2}% 3
\BOOKMARK [0][-]{chapter.3}{\376\377\0003\000\040\000D\000e\000s\000i\000g\000n\000\040\000U\000n\000i\000t\000\040\000I\000n\000d\000e\000x}{}% 4
\BOOKMARK [1][-]{section.3.1}{\376\377\0003\000.\0001\000\040\000D\000e\000s\000i\000g\000n\000\040\000U\000n\000i\000t\000\040\000L\000i\000s\000t}{chapter.3}% 5
\BOOKMARK [0][-]{chapter.4}{\376\377\0004\000\040\000I\000n\000d\000i\000c\000e\000\040\000d\000e\000i\000\040\000f\000i\000l\000e}{}% 6
\BOOKMARK [1][-]{section.4.1}{\376\377\0004\000.\0001\000\040\000E\000l\000e\000n\000c\000o\000\040\000d\000e\000i\000\040\000f\000i\000l\000e}{chapter.4}% 7
\BOOKMARK [0][-]{chapter.5}{\376\377\0005\000\040\000D\000o\000c\000u\000m\000e\000n\000t\000a\000z\000i\000o\000n\000e\000\040\000d\000e\000l\000l\000e\000\040\000c\000l\000a\000s\000s\000i}{}% 8
\BOOKMARK [1][-]{section.5.1}{\376\377\0005\000.\0001\000\040\000a\000d\000d\000e\000r\000\137\000b\000l\000o\000c\000k\000\040\000E\000n\000t\000i\000t\000y\000\040\000R\000e\000f\000e\000r\000e\000n\000c\000e}{chapter.5}% 9
\BOOKMARK [2][-]{subsection.5.1.1}{\376\377\0005\000.\0001\000.\0001\000\040\000D\000e\000s\000c\000r\000i\000z\000i\000o\000n\000e\000\040\000d\000e\000t\000t\000a\000g\000l\000i\000a\000t\000a}{section.5.1}% 10
\BOOKMARK [1][-]{section.5.2}{\376\377\0005\000.\0002\000\040\000B\000e\000h\000a\000v\000i\000o\000r\000a\000l\000\040\000A\000r\000c\000h\000i\000t\000e\000c\000t\000u\000r\000e\000\040\000R\000e\000f\000e\000r\000e\000n\000c\000e}{chapter.5}% 11
\BOOKMARK [1][-]{section.5.3}{\376\377\0005\000.\0003\000\040\000B\000e\000h\000a\000v\000i\000o\000r\000a\000l\000\040\000A\000r\000c\000h\000i\000t\000e\000c\000t\000u\000r\000e\000\040\000R\000e\000f\000e\000r\000e\000n\000c\000e}{chapter.5}% 12
\BOOKMARK [1][-]{section.5.4}{\376\377\0005\000.\0004\000\040\000B\000e\000h\000a\000v\000i\000o\000r\000a\000l\000\040\000A\000r\000c\000h\000i\000t\000e\000c\000t\000u\000r\000e\000\040\000R\000e\000f\000e\000r\000e\000n\000c\000e}{chapter.5}% 13
\BOOKMARK [1][-]{section.5.5}{\376\377\0005\000.\0005\000\040\000B\000u\000t\000t\000e\000r\000f\000l\000y\000C\000e\000l\000l\000\040\000E\000n\000t\000i\000t\000y\000\040\000R\000e\000f\000e\000r\000e\000n\000c\000e}{chapter.5}% 14
\BOOKMARK [2][-]{subsection.5.5.1}{\376\377\0005\000.\0005\000.\0001\000\040\000D\000e\000s\000c\000r\000i\000z\000i\000o\000n\000e\000\040\000d\000e\000t\000t\000a\000g\000l\000i\000a\000t\000a}{section.5.5}% 15
\BOOKMARK [1][-]{section.5.6}{\376\377\0005\000.\0006\000\040\000c\000o\000m\000p\000a\000r\000a\000t\000o\000r\0002\000b\000i\000t\000\040\000E\000n\000t\000i\000t\000y\000\040\000R\000e\000f\000e\000r\000e\000n\000c\000e}{chapter.5}% 16
\BOOKMARK [2][-]{subsection.5.6.1}{\376\377\0005\000.\0006\000.\0001\000\040\000D\000e\000s\000c\000r\000i\000z\000i\000o\000n\000e\000\040\000d\000e\000t\000t\000a\000g\000l\000i\000a\000t\000a}{section.5.6}% 17
\BOOKMARK [1][-]{section.5.7}{\376\377\0005\000.\0007\000\040\000D\000a\000t\000a\000F\000l\000o\000w\000\040\000A\000r\000c\000h\000i\000t\000e\000c\000t\000u\000r\000e\000\040\000R\000e\000f\000e\000r\000e\000n\000c\000e}{chapter.5}% 18
\BOOKMARK [1][-]{section.5.8}{\376\377\0005\000.\0008\000\040\000D\000a\000t\000a\000F\000l\000o\000w\000\040\000A\000r\000c\000h\000i\000t\000e\000c\000t\000u\000r\000e\000\040\000R\000e\000f\000e\000r\000e\000n\000c\000e}{chapter.5}% 19
\BOOKMARK [1][-]{section.5.9}{\376\377\0005\000.\0009\000\040\000f\000u\000l\000l\000\137\000a\000d\000d\000e\000r\000\040\000E\000n\000t\000i\000t\000y\000\040\000R\000e\000f\000e\000r\000e\000n\000c\000e}{chapter.5}% 20
\BOOKMARK [1][-]{section.5.10}{\376\377\0005\000.\0001\0000\000\040\000g\000e\000n\000e\000r\000i\000c\000\137\000a\000d\000d\000e\000r\000\137\000p\000i\000p\000e\000l\000i\000n\000e\000d\000\040\000E\000n\000t\000i\000t\000y\000\040\000R\000e\000f\000e\000r\000e\000n\000c\000e}{chapter.5}% 21
\BOOKMARK [2][-]{subsection.5.10.1}{\376\377\0005\000.\0001\0000\000.\0001\000\040\000D\000e\000s\000c\000r\000i\000z\000i\000o\000n\000e\000\040\000d\000e\000t\000t\000a\000g\000l\000i\000a\000t\000a}{section.5.10}% 22
\BOOKMARK [1][-]{section.5.11}{\376\377\0005\000.\0001\0001\000\040\000g\000e\000n\000e\000r\000i\000c\000\137\000c\000o\000m\000p\000a\000r\000a\000t\000o\000r\000\040\000E\000n\000t\000i\000t\000y\000\040\000R\000e\000f\000e\000r\000e\000n\000c\000e}{chapter.5}% 23
\BOOKMARK [2][-]{subsection.5.11.1}{\376\377\0005\000.\0001\0001\000.\0001\000\040\000D\000e\000s\000c\000r\000i\000z\000i\000o\000n\000e\000\040\000d\000e\000t\000t\000a\000g\000l\000i\000a\000t\000a}{section.5.11}% 24
\BOOKMARK [1][-]{section.5.12}{\376\377\0005\000.\0001\0002\000\040\000G\000e\000n\000e\000r\000i\000c\000B\000u\000f\000f\000e\000r\000\040\000E\000n\000t\000i\000t\000y\000\040\000R\000e\000f\000e\000r\000e\000n\000c\000e}{chapter.5}% 25
\BOOKMARK [2][-]{subsection.5.12.1}{\376\377\0005\000.\0001\0002\000.\0001\000\040\000D\000e\000s\000c\000r\000i\000z\000i\000o\000n\000e\000\040\000d\000e\000t\000t\000a\000g\000l\000i\000a\000t\000a}{section.5.12}% 26
\BOOKMARK [2][-]{subsection.5.12.2}{\376\377\0005\000.\0001\0002\000.\0002\000\040\000D\000o\000c\000u\000m\000e\000n\000t\000a\000z\000i\000o\000n\000e\000\040\000d\000e\000i\000\040\000m\000e\000m\000b\000r\000i\000\040\000d\000a\000t\000o}{section.5.12}% 27
\BOOKMARK [3][-]{subsubsection.5.12.2.1}{\376\377\0005\000.\0001\0002\000.\0002\000.\0001\000\040\000i\000e\000e\000e}{subsection.5.12.2}% 28
\BOOKMARK [1][-]{section.5.13}{\376\377\0005\000.\0001\0003\000\040\000m\000a\000j\000o\000r\000i\000t\000y\000\137\000v\000o\000t\000e\000r\000\040\000E\000n\000t\000i\000t\000y\000\040\000R\000e\000f\000e\000r\000e\000n\000c\000e}{chapter.5}% 29
\BOOKMARK [2][-]{subsection.5.13.1}{\376\377\0005\000.\0001\0003\000.\0001\000\040\000D\000e\000s\000c\000r\000i\000z\000i\000o\000n\000e\000\040\000d\000e\000t\000t\000a\000g\000l\000i\000a\000t\000a}{section.5.13}% 30
\BOOKMARK [1][-]{section.5.14}{\376\377\0005\000.\0001\0004\000\040\000p\000a\000r\000a\000l\000l\000e\000l\000\137\000c\000o\000u\000n\000t\000e\000r\000\137\0004\000\040\000E\000n\000t\000i\000t\000y\000\040\000R\000e\000f\000e\000r\000e\000n\000c\000e}{chapter.5}% 31
\BOOKMARK [1][-]{section.5.15}{\376\377\0005\000.\0001\0005\000\040\000p\000a\000r\000a\000l\000l\000e\000l\000\137\000c\000o\000u\000n\000t\000e\000r\000\137\000b\000l\000o\000c\000k\000\040\000E\000n\000t\000i\000t\000y\000\040\000R\000e\000f\000e\000r\000e\000n\000c\000e}{chapter.5}% 32
\BOOKMARK [2][-]{subsection.5.15.1}{\376\377\0005\000.\0001\0005\000.\0001\000\040\000D\000e\000s\000c\000r\000i\000z\000i\000o\000n\000e\000\040\000d\000e\000t\000t\000a\000g\000l\000i\000a\000t\000a}{section.5.15}% 33
\BOOKMARK [1][-]{section.5.16}{\376\377\0005\000.\0001\0006\000\040\000r\000i\000p\000p\000l\000e\000\137\000c\000a\000r\000r\000y\000\137\000a\000d\000d\000e\000r\000\040\000E\000n\000t\000i\000t\000y\000\040\000R\000e\000f\000e\000r\000e\000n\000c\000e}{chapter.5}% 34
\BOOKMARK [2][-]{subsection.5.16.1}{\376\377\0005\000.\0001\0006\000.\0001\000\040\000D\000e\000s\000c\000r\000i\000z\000i\000o\000n\000e\000\040\000d\000e\000t\000t\000a\000g\000l\000i\000a\000t\000a}{section.5.16}% 35
\BOOKMARK [1][-]{section.5.17}{\376\377\0005\000.\0001\0007\000\040\000R\000M\000D\000e\000c\000o\000d\000e\000r\000\040\000E\000n\000t\000i\000t\000y\000\040\000R\000e\000f\000e\000r\000e\000n\000c\000e}{chapter.5}% 36
\BOOKMARK [2][-]{subsection.5.17.1}{\376\377\0005\000.\0001\0007\000.\0001\000\040\000D\000e\000s\000c\000r\000i\000z\000i\000o\000n\000e\000\040\000d\000e\000t\000t\000a\000g\000l\000i\000a\000t\000a}{section.5.17}% 37
\BOOKMARK [1][-]{section.5.18}{\376\377\0005\000.\0001\0008\000\040\000R\000M\000E\000n\000c\000o\000d\000e\000r\000\040\000E\000n\000t\000i\000t\000y\000\040\000R\000e\000f\000e\000r\000e\000n\000c\000e}{chapter.5}% 38
\BOOKMARK [2][-]{subsection.5.18.1}{\376\377\0005\000.\0001\0008\000.\0001\000\040\000D\000e\000s\000c\000r\000i\000z\000i\000o\000n\000e\000\040\000d\000e\000t\000t\000a\000g\000l\000i\000a\000t\000a}{section.5.18}% 39
\BOOKMARK [1][-]{section.5.19}{\376\377\0005\000.\0001\0009\000\040\000S\000t\000r\000u\000c\000t\000u\000r\000a\000l\000\040\000A\000r\000c\000h\000i\000t\000e\000c\000t\000u\000r\000e\000\040\000R\000e\000f\000e\000r\000e\000n\000c\000e}{chapter.5}% 40
\BOOKMARK [1][-]{section.5.20}{\376\377\0005\000.\0002\0000\000\040\000S\000t\000r\000u\000c\000t\000u\000r\000a\000l\000\040\000A\000r\000c\000h\000i\000t\000e\000c\000t\000u\000r\000e\000\040\000R\000e\000f\000e\000r\000e\000n\000c\000e}{chapter.5}% 41
\BOOKMARK [1][-]{section.5.21}{\376\377\0005\000.\0002\0001\000\040\000S\000t\000r\000u\000c\000t\000u\000r\000a\000l\000\040\000A\000r\000c\000h\000i\000t\000e\000c\000t\000u\000r\000e\000\040\000R\000e\000f\000e\000r\000e\000n\000c\000e}{chapter.5}% 42
\BOOKMARK [1][-]{section.5.22}{\376\377\0005\000.\0002\0002\000\040\000s\000t\000r\000u\000c\000t\000u\000r\000a\000l\000\040\000A\000r\000c\000h\000i\000t\000e\000c\000t\000u\000r\000e\000\040\000R\000e\000f\000e\000r\000e\000n\000c\000e}{chapter.5}% 43
\BOOKMARK [1][-]{section.5.23}{\376\377\0005\000.\0002\0003\000\040\000S\000t\000r\000u\000c\000t\000u\000r\000a\000l\000\040\000A\000r\000c\000h\000i\000t\000e\000c\000t\000u\000r\000e\000\040\000R\000e\000f\000e\000r\000e\000n\000c\000e}{chapter.5}% 44
\BOOKMARK [1][-]{section.5.24}{\376\377\0005\000.\0002\0004\000\040\000S\000t\000r\000u\000c\000t\000u\000r\000a\000l\000\040\000A\000r\000c\000h\000i\000t\000e\000c\000t\000u\000r\000e\000\040\000R\000e\000f\000e\000r\000e\000n\000c\000e}{chapter.5}% 45
\BOOKMARK [1][-]{section.5.25}{\376\377\0005\000.\0002\0005\000\040\000S\000t\000r\000u\000c\000t\000u\000r\000a\000l\000\040\000A\000r\000c\000h\000i\000t\000e\000c\000t\000u\000r\000e\000\040\000R\000e\000f\000e\000r\000e\000n\000c\000e}{chapter.5}% 46
\BOOKMARK [1][-]{section.5.26}{\376\377\0005\000.\0002\0006\000\040\000S\000t\000r\000u\000c\000t\000u\000r\000a\000l\000\040\000A\000r\000c\000h\000i\000t\000e\000c\000t\000u\000r\000e\000\040\000R\000e\000f\000e\000r\000e\000n\000c\000e}{chapter.5}% 47
\BOOKMARK [1][-]{section.5.27}{\376\377\0005\000.\0002\0007\000\040\000S\000t\000r\000u\000c\000t\000u\000r\000a\000l\000\040\000A\000r\000c\000h\000i\000t\000e\000c\000t\000u\000r\000e\000\040\000R\000e\000f\000e\000r\000e\000n\000c\000e}{chapter.5}% 48
\BOOKMARK [1][-]{section.5.28}{\376\377\0005\000.\0002\0008\000\040\000S\000t\000r\000u\000c\000t\000u\000r\000a\000l\000\040\000A\000r\000c\000h\000i\000t\000e\000c\000t\000u\000r\000e\000\040\000R\000e\000f\000e\000r\000e\000n\000c\000e}{chapter.5}% 49
\BOOKMARK [1][-]{section.5.29}{\376\377\0005\000.\0002\0009\000\040\000t\000b\000\137\000R\000M\000D\000e\000c\000o\000d\000e\000r\000\040\000E\000n\000t\000i\000t\000y\000\040\000R\000e\000f\000e\000r\000e\000n\000c\000e}{chapter.5}% 50
\BOOKMARK [1][-]{section.5.30}{\376\377\0005\000.\0003\0000\000\040\000t\000b\000\137\000R\000M\000E\000n\000c\000o\000d\000e\000r\000\040\000E\000n\000t\000i\000t\000y\000\040\000R\000e\000f\000e\000r\000e\000n\000c\000e}{chapter.5}% 51
\BOOKMARK [0][-]{chapter.6}{\376\377\0006\000\040\000D\000o\000c\000u\000m\000e\000n\000t\000a\000z\000i\000o\000n\000e\000\040\000d\000e\000i\000\040\000f\000i\000l\000e}{}% 52
\BOOKMARK [1][-]{section.6.1}{\376\377\0006\000.\0001\000\040\000R\000i\000f\000e\000r\000i\000m\000e\000n\000t\000i\000\040\000p\000e\000r\000\040\000i\000l\000\040\000f\000i\000l\000e\000\040\000S\000r\000c\000/\000R\000M\000D\000e\000c\000o\000d\000e\000r\000/\000B\000u\000t\000t\000e\000r\000f\000l\000y\000C\000e\000l\000l\000.\000v\000h\000d}{chapter.6}% 53
\BOOKMARK [2][-]{subsection.6.1.1}{\376\377\0006\000.\0001\000.\0001\000\040\000D\000e\000s\000c\000r\000i\000z\000i\000o\000n\000e\000\040\000d\000e\000t\000t\000a\000g\000l\000i\000a\000t\000a}{section.6.1}% 54
\BOOKMARK [1][-]{section.6.2}{\376\377\0006\000.\0002\000\040\000R\000i\000f\000e\000r\000i\000m\000e\000n\000t\000i\000\040\000p\000e\000r\000\040\000i\000l\000\040\000f\000i\000l\000e\000\040\000S\000r\000c\000/\000R\000M\000D\000e\000c\000o\000d\000e\000r\000/\000M\000a\000j\000o\000r\000i\000t\000y\000V\000o\000t\000e\000r\000/\000a\000d\000d\000e\000r\000\137\000b\000l\000o\000c\000k\000.\000v\000h\000d}{chapter.6}% 55
\BOOKMARK [2][-]{subsection.6.2.1}{\376\377\0006\000.\0002\000.\0001\000\040\000D\000e\000s\000c\000r\000i\000z\000i\000o\000n\000e\000\040\000d\000e\000t\000t\000a\000g\000l\000i\000a\000t\000a}{section.6.2}% 56
\BOOKMARK [1][-]{section.6.3}{\376\377\0006\000.\0003\000\040\000R\000i\000f\000e\000r\000i\000m\000e\000n\000t\000i\000\040\000p\000e\000r\000\040\000i\000l\000\040\000f\000i\000l\000e\000\040\000S\000r\000c\000/\000R\000M\000D\000e\000c\000o\000d\000e\000r\000/\000M\000a\000j\000o\000r\000i\000t\000y\000V\000o\000t\000e\000r\000/\000c\000o\000m\000p\000a\000r\000a\000t\000o\000r\0002\000b\000i\000t\000.\000v\000h\000d}{chapter.6}% 57
\BOOKMARK [2][-]{subsection.6.3.1}{\376\377\0006\000.\0003\000.\0001\000\040\000D\000e\000s\000c\000r\000i\000z\000i\000o\000n\000e\000\040\000d\000e\000t\000t\000a\000g\000l\000i\000a\000t\000a}{section.6.3}% 58
\BOOKMARK [1][-]{section.6.4}{\376\377\0006\000.\0004\000\040\000R\000i\000f\000e\000r\000i\000m\000e\000n\000t\000i\000\040\000p\000e\000r\000\040\000i\000l\000\040\000f\000i\000l\000e\000\040\000S\000r\000c\000/\000R\000M\000D\000e\000c\000o\000d\000e\000r\000/\000M\000a\000j\000o\000r\000i\000t\000y\000V\000o\000t\000e\000r\000/\000f\000u\000l\000l\000\137\000a\000d\000d\000e\000r\000.\000v\000h\000d}{chapter.6}% 59
\BOOKMARK [2][-]{subsection.6.4.1}{\376\377\0006\000.\0004\000.\0001\000\040\000D\000e\000s\000c\000r\000i\000z\000i\000o\000n\000e\000\040\000d\000e\000t\000t\000a\000g\000l\000i\000a\000t\000a}{section.6.4}% 60
\BOOKMARK [1][-]{section.6.5}{\376\377\0006\000.\0005\000\040\000R\000i\000f\000e\000r\000i\000m\000e\000n\000t\000i\000\040\000p\000e\000r\000\040\000i\000l\000\040\000f\000i\000l\000e\000\040\000S\000r\000c\000/\000R\000M\000D\000e\000c\000o\000d\000e\000r\000/\000M\000a\000j\000o\000r\000i\000t\000y\000V\000o\000t\000e\000r\000/\000g\000e\000n\000e\000r\000i\000c\000\137\000a\000d\000d\000e\000r\000\137\000p\000i\000p\000e\000l\000i\000n\000e\000d\000.\000v\000h\000d}{chapter.6}% 61
\BOOKMARK [2][-]{subsection.6.5.1}{\376\377\0006\000.\0005\000.\0001\000\040\000D\000e\000s\000c\000r\000i\000z\000i\000o\000n\000e\000\040\000d\000e\000t\000t\000a\000g\000l\000i\000a\000t\000a}{section.6.5}% 62
\BOOKMARK [1][-]{section.6.6}{\376\377\0006\000.\0006\000\040\000R\000i\000f\000e\000r\000i\000m\000e\000n\000t\000i\000\040\000p\000e\000r\000\040\000i\000l\000\040\000f\000i\000l\000e\000\040\000S\000r\000c\000/\000R\000M\000D\000e\000c\000o\000d\000e\000r\000/\000M\000a\000j\000o\000r\000i\000t\000y\000V\000o\000t\000e\000r\000/\000g\000e\000n\000e\000r\000i\000c\000\137\000c\000o\000m\000p\000a\000r\000a\000t\000o\000r\000.\000v\000h\000d}{chapter.6}% 63
\BOOKMARK [2][-]{subsection.6.6.1}{\376\377\0006\000.\0006\000.\0001\000\040\000D\000e\000s\000c\000r\000i\000z\000i\000o\000n\000e\000\040\000d\000e\000t\000t\000a\000g\000l\000i\000a\000t\000a}{section.6.6}% 64
\BOOKMARK [1][-]{section.6.7}{\376\377\0006\000.\0007\000\040\000R\000i\000f\000e\000r\000i\000m\000e\000n\000t\000i\000\040\000p\000e\000r\000\040\000i\000l\000\040\000f\000i\000l\000e\000\040\000S\000r\000c\000/\000R\000M\000D\000e\000c\000o\000d\000e\000r\000/\000M\000a\000j\000o\000r\000i\000t\000y\000V\000o\000t\000e\000r\000/\000m\000a\000j\000o\000r\000i\000t\000y\000\137\000v\000o\000t\000e\000r\000.\000v\000h\000d}{chapter.6}% 65
\BOOKMARK [2][-]{subsection.6.7.1}{\376\377\0006\000.\0007\000.\0001\000\040\000D\000e\000s\000c\000r\000i\000z\000i\000o\000n\000e\000\040\000d\000e\000t\000t\000a\000g\000l\000i\000a\000t\000a}{section.6.7}% 66
\BOOKMARK [1][-]{section.6.8}{\376\377\0006\000.\0008\000\040\000R\000i\000f\000e\000r\000i\000m\000e\000n\000t\000i\000\040\000p\000e\000r\000\040\000i\000l\000\040\000f\000i\000l\000e\000\040\000S\000r\000c\000/\000R\000M\000D\000e\000c\000o\000d\000e\000r\000/\000M\000a\000j\000o\000r\000i\000t\000y\000V\000o\000t\000e\000r\000/\000p\000a\000r\000a\000l\000l\000e\000l\000\137\000c\000o\000u\000n\000t\000e\000r\000\137\0004\000.\000v\000h\000d}{chapter.6}% 67
\BOOKMARK [2][-]{subsection.6.8.1}{\376\377\0006\000.\0008\000.\0001\000\040\000D\000e\000s\000c\000r\000i\000z\000i\000o\000n\000e\000\040\000d\000e\000t\000t\000a\000g\000l\000i\000a\000t\000a}{section.6.8}% 68
\BOOKMARK [1][-]{section.6.9}{\376\377\0006\000.\0009\000\040\000R\000i\000f\000e\000r\000i\000m\000e\000n\000t\000i\000\040\000p\000e\000r\000\040\000i\000l\000\040\000f\000i\000l\000e\000\040\000S\000r\000c\000/\000R\000M\000D\000e\000c\000o\000d\000e\000r\000/\000M\000a\000j\000o\000r\000i\000t\000y\000V\000o\000t\000e\000r\000/\000p\000a\000r\000a\000l\000l\000e\000l\000\137\000c\000o\000u\000n\000t\000e\000r\000\137\000b\000l\000o\000c\000k\000.\000v\000h\000d}{chapter.6}% 69
\BOOKMARK [2][-]{subsection.6.9.1}{\376\377\0006\000.\0009\000.\0001\000\040\000D\000e\000s\000c\000r\000i\000z\000i\000o\000n\000e\000\040\000d\000e\000t\000t\000a\000g\000l\000i\000a\000t\000a}{section.6.9}% 70
\BOOKMARK [1][-]{section.6.10}{\376\377\0006\000.\0001\0000\000\040\000R\000i\000f\000e\000r\000i\000m\000e\000n\000t\000i\000\040\000p\000e\000r\000\040\000i\000l\000\040\000f\000i\000l\000e\000\040\000S\000r\000c\000/\000R\000M\000D\000e\000c\000o\000d\000e\000r\000/\000M\000a\000j\000o\000r\000i\000t\000y\000V\000o\000t\000e\000r\000/\000r\000i\000p\000p\000l\000e\000\137\000c\000a\000r\000r\000y\000\137\000a\000d\000d\000e\000r\000.\000v\000h\000d}{chapter.6}% 71
\BOOKMARK [2][-]{subsection.6.10.1}{\376\377\0006\000.\0001\0000\000.\0001\000\040\000D\000e\000s\000c\000r\000i\000z\000i\000o\000n\000e\000\040\000d\000e\000t\000t\000a\000g\000l\000i\000a\000t\000a}{section.6.10}% 72
\BOOKMARK [1][-]{section.6.11}{\376\377\0006\000.\0001\0001\000\040\000R\000i\000f\000e\000r\000i\000m\000e\000n\000t\000i\000\040\000p\000e\000r\000\040\000i\000l\000\040\000f\000i\000l\000e\000\040\000S\000r\000c\000/\000R\000M\000D\000e\000c\000o\000d\000e\000r\000/\000R\000M\000D\000e\000c\000o\000d\000e\000r\000.\000v\000h\000d}{chapter.6}% 73
\BOOKMARK [2][-]{subsection.6.11.1}{\376\377\0006\000.\0001\0001\000.\0001\000\040\000D\000e\000s\000c\000r\000i\000z\000i\000o\000n\000e\000\040\000d\000e\000t\000t\000a\000g\000l\000i\000a\000t\000a}{section.6.11}% 74
\BOOKMARK [1][-]{section.6.12}{\376\377\0006\000.\0001\0002\000\040\000R\000i\000f\000e\000r\000i\000m\000e\000n\000t\000i\000\040\000p\000e\000r\000\040\000i\000l\000\040\000f\000i\000l\000e\000\040\000S\000r\000c\000/\000R\000M\000E\000n\000c\000o\000d\000e\000r\000/\000R\000M\000E\000n\000c\000o\000d\000e\000r\000.\000v\000h\000d}{chapter.6}% 75
\BOOKMARK [2][-]{subsection.6.12.1}{\376\377\0006\000.\0001\0002\000.\0001\000\040\000D\000e\000s\000c\000r\000i\000z\000i\000o\000n\000e\000\040\000d\000e\000t\000t\000a\000g\000l\000i\000a\000t\000a}{section.6.12}% 76
\BOOKMARK [0][-]{section*.128}{\376\377\000I\000n\000d\000i\000c\000e}{}% 77
